Log cleared at 2026-03-01T06:00:03.833222+00:00
2026-03-01 00:08:00 | INFO | ============================================================
2026-03-01 00:08:00 | INFO | Starting cycle #11
2026-03-01 00:08:00 | INFO | Fetched 10 headlines from BBC News (RSS)
2026-03-01 00:08:02 | INFO | Fetched 10 headlines from NPR (RSS)
2026-03-01 00:08:03 | INFO | Fetched 10 headlines from The Guardian (RSS)
2026-03-01 00:08:04 | INFO | Fetched 10 headlines from France 24 (RSS)
2026-03-01 00:08:05 | INFO | Fetched 10 headlines from Deutsche Welle (RSS)
2026-03-01 00:08:07 | INFO | Fetched 10 headlines from CBC News (RSS)
2026-03-01 00:08:08 | INFO | Fetched 10 headlines from ABC News Australia (RSS)
2026-03-01 00:08:09 | INFO | Fetched 10 headlines from PBS NewsHour (RSS)
2026-03-01 00:08:10 | INFO | Fetched 10 headlines from Irish Times (RSS)
2026-03-01 00:08:12 | INFO | Fetched 10 headlines from White House (HTML)
2026-03-01 00:08:13 | INFO | Fetched 1 headlines from Congress.gov (RSS)
2026-03-01 00:08:14 | INFO | Fetched 10 headlines from Federal Register (RSS)
2026-03-01 00:08:15 | INFO | Fetched 2 headlines from Supreme Court (HTML)
2026-03-01 00:08:18 | INFO | Fetched 10 headlines from US Department of Defense (RSS)
2026-03-01 00:08:20 | INFO | Fetched 10 headlines from UK Parliament (RSS)
2026-03-01 00:08:21 | INFO | Fetched 10 headlines from European Commission (RSS)
2026-03-01 00:08:22 | INFO | Total headlines: 143
2026-03-01 00:08:25 | INFO | Low confidence (75%): President Trump stated he would use forc...
2026-03-01 00:08:28 | INFO | Low confidence (78%): A man in Vancouver launched a court acti...
2026-03-01 00:08:30 | INFO | Word overlap pre-filter: 1/26 candidates
2026-03-01 00:08:31 | INFO | Queued: First Nations chiefs passed a non-confid...
2026-03-01 00:08:37 | INFO | Not newsworthy (none): A woman obtained a barring order against...
2026-03-01 00:08:39 | INFO | Pushed to GitHub: Update monitor data
2026-03-01 00:08:39 | INFO | Cycle complete. Published: 0, Queue: 27, Skipped (cached): 136
2026-03-01 00:08:39 | INFO | Sleeping until 00:30 (21 minutes)...
2026-03-01 00:13:40 | INFO | Pushed to GitHub: Update monitor data
2026-03-01 00:18:41 | INFO | Pushed to GitHub: Update monitor data
2026-03-01 00:23:42 | INFO | Pushed to GitHub: Update monitor data
2026-03-01 00:28:42 | INFO | Pushed to GitHub: Update monitor data
2026-03-01 00:30:02 | INFO | ============================================================
2026-03-01 00:30:02 | INFO | Starting cycle #12
2026-03-01 00:30:03 | INFO | Fetched 10 headlines from BBC News (RSS)
2026-03-01 00:30:04 | INFO | Fetched 10 headlines from NPR (RSS)
2026-03-01 00:30:05 | INFO | Fetched 10 headlines from The Guardian (RSS)
2026-03-01 00:30:06 | INFO | Fetched 10 headlines from France 24 (RSS)
2026-03-01 00:30:08 | INFO | Fetched 10 headlines from Deutsche Welle (RSS)
2026-03-01 00:30:09 | INFO | Fetched 10 headlines from CBC News (RSS)
2026-03-01 00:30:11 | INFO | Fetched 10 headlines from ABC News Australia (RSS)
2026-03-01 00:30:12 | INFO | Fetched 10 headlines from PBS NewsHour (RSS)
2026-03-01 00:30:14 | INFO | Fetched 10 headlines from Irish Times (RSS)
2026-03-01 00:30:15 | INFO | Fetched 10 headlines from White House (HTML)
2026-03-01 00:30:16 | INFO | Fetched 1 headlines from Congress.gov (RSS)
2026-03-01 00:30:17 | INFO | Fetched 10 headlines from Federal Register (RSS)
2026-03-01 00:30:18 | INFO | Fetched 2 headlines from Supreme Court (HTML)
2026-03-01 00:30:21 | INFO | Fetched 10 headlines from US Department of Defense (RSS)
2026-03-01 00:30:23 | INFO | Fetched 10 headlines from UK Parliament (RSS)
2026-03-01 00:30:25 | INFO | Fetched 10 headlines from European Commission (RSS)
2026-03-01 00:30:26 | INFO | Total headlines: 143
2026-03-01 00:30:26 | INFO | Pushed to GitHub: Update monitor data
2026-03-01 00:30:26 | INFO | Cycle complete. Published: 0, Queue: 27, Skipped (cached): 143
2026-03-01 00:30:26 | INFO | Sleeping until 01:00 (29 minutes)...
2026-03-01 00:35:27 | INFO | Pushed to GitHub: Update monitor data
